android/build/intermediates/manifest_merge_blame_file/release/manifest-merger-blame-release-report.txt
1<?xml version="1.0" encoding="utf-8"?>
2<manifest xmlns:android="http://schemas.android.com/apk/res/android"
3    package="com.guichaguri.trackplayer"
4    android:versionCode="1"
5    android:versionName="1.0" >
6
7    <uses-sdk
8        android:minSdkVersion="19"
8-->src\main\AndroidManifest.xml
9        android:targetSdkVersion="28" />
9-->src\main\AndroidManifest.xml
10
11    <uses-permission android:name="android.permission.WAKE_LOCK" />
11-->src\main\AndroidManifest.xml:5:5-68
11-->src\main\AndroidManifest.xml:5:22-65
12    <uses-permission android:name="android.permission.FOREGROUND_SERVICE" />
12-->src\main\AndroidManifest.xml:6:5-77
12-->src\main\AndroidManifest.xml:6:22-74
13
14    <application>
14-->src\main\AndroidManifest.xml:8:5-24:19
15
16        <!-- The main service, handles playback, playlists and media buttons -->
17        <service
17-->src\main\AndroidManifest.xml:11:9-15:19
18            android:name="com.guichaguri.trackplayer.service.MusicService"
18-->src\main\AndroidManifest.xml:11:18-54
19            android:enabled="true"
19-->src\main\AndroidManifest.xml:11:55-77
20            android:exported="true" >
20-->src\main\AndroidManifest.xml:11:78-101
21            <intent-filter>
21-->src\main\AndroidManifest.xml:12:13-14:29
22                <action android:name="android.intent.action.MEDIA_BUTTON" />
22-->src\main\AndroidManifest.xml:13:17-77
22-->src\main\AndroidManifest.xml:13:25-74
23            </intent-filter>
24        </service>
25
26        <!-- A receiver that will receive media buttons. Required on pre-lollipop devices -->
27        <receiver android:name="androidx.media.session.MediaButtonReceiver" >
27-->src\main\AndroidManifest.xml:18:9-22:20
27-->src\main\AndroidManifest.xml:18:19-76
28            <intent-filter>
28-->src\main\AndroidManifest.xml:12:13-14:29
29                <action android:name="android.intent.action.MEDIA_BUTTON" />
29-->src\main\AndroidManifest.xml:13:17-77
29-->src\main\AndroidManifest.xml:13:25-74
30            </intent-filter>
31        </receiver>
32    </application>
33
34</manifest>